<?xml version="1.0" encoding="UTF-8"?>
<!-- Generated by org.testng.reporters.JUnitReportReporter -->
<testsuite hostname="LTIN476671" failures="0" tests="1" name="testCases.TC_03_TestingCarInsuranceErrorMsg" time="9.646" errors="0" timestamp="2024-10-04T10:44:38 IST" skipped="0">
  <testcase classname="testCases.TC_03_TestingCarInsuranceErrorMsg" name="checkErrMsg" time="9.646"/>
</testsuite> <!-- testCases.TC_03_TestingCarInsuranceErrorMsg -->
