<?xml version="1.0" encoding="UTF-8"?>
<!-- Generated by org.testng.reporters.JUnitReportReporter -->
<testsuite hostname="LTIN476671" failures="0" tests="1" name="testCases.TC_03_TestingCarInsuranceErrorMsg" time="6.978" errors="0" timestamp="2024-09-28T22:04:17 IST" skipped="0">
  <testcase classname="testCases.TC_03_TestingCarInsuranceErrorMsg" name="checkErrMsg" time="6.978"/>
</testsuite> <!-- testCases.TC_03_TestingCarInsuranceErrorMsg -->
