<?xml version="1.0" encoding="UTF-8"?>
<!-- Generated by org.testng.reporters.JUnitReportReporter -->
<testsuite hostname="LTIN476671" failures="0" tests="1" name="testCases.TC_04_TestingHomeInsurance" time="20.725" errors="0" timestamp="2024-10-04T10:27:00 IST" skipped="0">
  <testcase classname="testCases.TC_04_TestingHomeInsurance" name="retrunHomeInsurancePolicy" time="20.725"/>
</testsuite> <!-- testCases.TC_04_TestingHomeInsurance -->
