<?xml version="1.0" encoding="UTF-8"?>
<!-- Generated by org.testng.reporters.JUnitReportReporter -->
<testsuite hostname="LTIN476671" failures="0" tests="1" name="testCases.TC_01_ListOfHealthInsurances" time="1.060" errors="0" timestamp="2024-09-28T21:32:43 IST" skipped="0">
  <testcase classname="testCases.TC_01_ListOfHealthInsurances" name="HealthInsListPrint" time="1.060"/>
</testsuite> <!-- testCases.TC_01_ListOfHealthInsurances -->
