<?xml version="1.0" encoding="UTF-8"?>
<!-- Generated by org.testng.reporters.JUnitReportReporter -->
<testsuite hostname="LTIN476671" failures="0" tests="1" name="testCases.TC_04_TestingHomeInsurance" time="8.008" errors="0" timestamp="2024-09-28T22:48:01 IST" skipped="0">
  <testcase classname="testCases.TC_04_TestingHomeInsurance" name="retrunHomeInsurancePolicy" time="8.008"/>
</testsuite> <!-- testCases.TC_04_TestingHomeInsurance -->
