<?xml version="1.0" encoding="UTF-8"?>
<!-- Generated by org.testng.reporters.JUnitReportReporter -->
<testsuite hostname="LTIN476671" failures="0" tests="1" name="testCases.TC_01_ListOfHealthInsurances" time="0.676" errors="0" timestamp="2024-10-02T21:05:12 IST" skipped="0">
  <testcase classname="testCases.TC_01_ListOfHealthInsurances" name="HealthInsListPrint" time="0.676"/>
</testsuite> <!-- testCases.TC_01_ListOfHealthInsurances -->
