<?xml version="1.0" encoding="UTF-8"?>
<!-- Generated by org.testng.reporters.JUnitReportReporter -->
<testsuite hostname="LTIN476671" failures="0" tests="1" name="testCases.TC_03_TestingCarInsuranceErrorMsg" time="7.658" errors="0" timestamp="2024-09-28T21:18:04 IST" skipped="0">
  <testcase classname="testCases.TC_03_TestingCarInsuranceErrorMsg" name="checkErrMsg" time="7.658"/>
</testsuite> <!-- testCases.TC_03_TestingCarInsuranceErrorMsg -->
