<?xml version="1.0" encoding="UTF-8"?>
<!-- Generated by org.testng.reporters.JUnitReportReporter -->
<testsuite hostname="LTIN476671" failures="0" tests="1" name="testCases.TC_01_ListOfHealthInsurances" time="0.498" errors="0" timestamp="2024-09-27T11:51:54 IST" skipped="0">
  <testcase classname="testCases.TC_01_ListOfHealthInsurances" name="HealthInsListPrint" time="0.498"/>
</testsuite> <!-- testCases.TC_01_ListOfHealthInsurances -->
